Using pre-set license
Built from '2020.3/staging' branch; Version is '2020.3.10f1 (297d780c91bc) revision 2719096'; Using compiler version '192528614'; Build Type 'Release'
OS: 'Windows 10 Education; OS build 19042.1165; Version 2009; 64bit' Language: 'fr' Physical Memory: 32706 MB
BatchMode: 1, IsHumanControllingUs: 0, StartBugReporterOnCrash: 0, Is64bit: 1, IsPro: 0

 COMMAND LINE ARGUMENTS:
C:\Program Files\Unity\Hub\Editor\2020.3.10f1\Editor\Unity.exe
-adb2
-batchMode
-noUpm
-name
AssetImportWorker0
-projectPath
H:/Users/20180881/Desktop/LICENSE/Unity
-logFile
Logs/AssetImportWorker0.log
-srvPort
49610
Successfully changed project path to: H:/Users/20180881/Desktop/LICENSE/Unity
H:/Users/20180881/Desktop/LICENSE/Unity
Using Asset Import Pipeline V2.
Refreshing native plugins compatible for Editor in 67.12 ms, found 2 plugins.
Preloading 0 native plugins for Editor in 0.00 ms.
Initialize engine version: 2020.3.10f1 (297d780c91bc)
[Subsystems] Discovering subsystems at path C:/Program Files/Unity/Hub/Editor/2020.3.10f1/Editor/Data/Resources/UnitySubsystems
[Subsystems] Discovering subsystems at path H:/Users/20180881/Desktop/LICENSE/Unity/Assets
GfxDevice: creating device client; threaded=0
Direct3D:
    Version:  Direct3D 11.0 [level 11.1]
    Renderer: NVIDIA GeForce GTX 1060 6GB (ID=0x1c03)
    Vendor:   
    VRAM:     6052 MB
    Driver:   30.0.14.7111
Shader 'Universal Render Pipeline/Particles/Lit': fallback shader 'Universal Render Pipeline/Particles/SimpleLit' not found
Initialize mono
Mono path[0] = 'C:/Program Files/Unity/Hub/Editor/2020.3.10f1/Editor/Data/Managed'
Mono path[1] = 'C:/Program Files/Unity/Hub/Editor/2020.3.10f1/Editor/Data/MonoBleedingEdge/lib/mono/unityjit'
Mono config path = 'C:/Program Files/Unity/Hub/Editor/2020.3.10f1/Editor/Data/MonoBleedingEdge/etc'
Using monoOptions --debugger-agent=transport=dt_socket,embedding=1,server=y,suspend=n,address=127.0.0.1:56640
Begin MonoManager ReloadAssembly
Registering precompiled unity dll's ...
Register platform support module: C:/Program Files/Unity/Hub/Editor/2020.3.10f1/Editor/Data/PlaybackEngines/WindowsStandaloneSupport/UnityEditor.WindowsStandalone.Extensions.dll
Registered in 0.001134 seconds.
Native extension for WindowsStandalone target not found
Refreshing native plugins compatible for Editor in 64.69 ms, found 2 plugins.
Preloading 0 native plugins for Editor in 0.00 ms.
Mono: successfully reloaded assembly
- Completed reload, in  1.605 seconds
Platform modules already initialized, skipping
Registering precompiled user dll's ...
Registered in 0.007179 seconds.
Begin MonoManager ReloadAssembly
Native extension for WindowsStandalone target not found
Refreshing native plugins compatible for Editor in 126.10 ms, found 2 plugins.
Preloading 0 native plugins for Editor in 0.00 ms.
Mono: successfully reloaded assembly
- Completed reload, in  1.795 seconds
Platform modules already initialized, skipping
========================================================================
Worker process is ready to serve import requests
Shader 'Universal Render Pipeline/Particles/Lit': fallback shader 'Universal Render Pipeline/Particles/SimpleLit' not found
Launched and connected shader compiler UnityShaderCompiler.exe after 0.05 seconds
Refreshing native plugins compatible for Editor in 0.62 ms, found 2 plugins.
Preloading 0 native plugins for Editor in 0.00 ms.
Unloading 3510 Unused Serialized files (Serialized files now loaded: 0)
System memory in use before: 178.7 MB.
System memory in use after: 178.9 MB.

Unloading 30 unused Assets to reduce memory usage. Loaded Objects now: 3988.
Total: 24.902500 ms (FindLiveObjects: 0.293100 ms CreateObjectMapping: 0.165600 ms MarkObjects: 24.355700 ms  DeleteObjects: 0.087000 ms)

========================================================================
Received Import Request.
  path: Assets/Settings/ForwardRenderer.asset
  artifactKey: Guid(4a8e21d5c33334b11b34a596161b9360) Importer(815301076,1909f56bfc062723c751e8b465ee728b)
Start importing Assets/Settings/ForwardRenderer.asset using Guid(4a8e21d5c33334b11b34a596161b9360) Importer(815301076,1909f56bfc062723c751e8b465ee728b)  -> (artifact id: 'f7835b1a7615466608dfbfa554b3e457') in 0.025086 seconds
  Import took 0.030266 seconds .

========================================================================
Received Prepare
Registering precompiled user dll's ...
Registered in 0.007329 seconds.
Begin MonoManager ReloadAssembly
Native extension for WindowsStandalone target not found
Refreshing native plugins compatible for Editor in 0.65 ms, found 2 plugins.
Preloading 0 native plugins for Editor in 0.00 ms.
Mono: successfully reloaded assembly
- Completed reload, in  1.573 seconds
Platform modules already initialized, skipping
Shader 'Universal Render Pipeline/Particles/Lit': fallback shader 'Universal Render Pipeline/Particles/SimpleLit' not found
Refreshing native plugins compatible for Editor in 0.63 ms, found 2 plugins.
Preloading 0 native plugins for Editor in 0.00 ms.
Unloading 3198 Unused Serialized files (Serialized files now loaded: 0)
System memory in use before: 152.0 MB.
System memory in use after: 152.2 MB.

Unloading 25 unused Assets to reduce memory usage. Loaded Objects now: 3991.
Total: 25.631000 ms (FindLiveObjects: 0.302600 ms CreateObjectMapping: 0.164000 ms MarkObjects: 25.132200 ms  DeleteObjects: 0.030600 ms)

========================================================================
Received Prepare
Registering precompiled user dll's ...
Registered in 0.007458 seconds.
Begin MonoManager ReloadAssembly
Native extension for WindowsStandalone target not found
Refreshing native plugins compatible for Editor in 0.70 ms, found 2 plugins.
Preloading 0 native plugins for Editor in 0.00 ms.
Mono: successfully reloaded assembly
- Completed reload, in  1.708 seconds
Platform modules already initialized, skipping
Shader 'Universal Render Pipeline/Particles/Lit': fallback shader 'Universal Render Pipeline/Particles/SimpleLit' not found
Refreshing native plugins compatible for Editor in 0.79 ms, found 2 plugins.
Preloading 0 native plugins for Editor in 0.00 ms.
Unloading 3198 Unused Serialized files (Serialized files now loaded: 0)
System memory in use before: 152.0 MB.
System memory in use after: 152.3 MB.

Unloading 25 unused Assets to reduce memory usage. Loaded Objects now: 3994.
Total: 29.984000 ms (FindLiveObjects: 0.368800 ms CreateObjectMapping: 0.216600 ms MarkObjects: 29.364200 ms  DeleteObjects: 0.032900 ms)

========================================================================
Received Prepare
Registering precompiled user dll's ...
Registered in 0.007035 seconds.
Begin MonoManager ReloadAssembly
Native extension for WindowsStandalone target not found
Refreshing native plugins compatible for Editor in 0.64 ms, found 2 plugins.
Preloading 0 native plugins for Editor in 0.00 ms.
Mono: successfully reloaded assembly
- Completed reload, in  1.616 seconds
Platform modules already initialized, skipping
Shader 'Universal Render Pipeline/Particles/Lit': fallback shader 'Universal Render Pipeline/Particles/SimpleLit' not found
Refreshing native plugins compatible for Editor in 0.70 ms, found 2 plugins.
Preloading 0 native plugins for Editor in 0.00 ms.
Unloading 3198 Unused Serialized files (Serialized files now loaded: 0)
System memory in use before: 152.1 MB.
System memory in use after: 152.3 MB.

Unloading 25 unused Assets to reduce memory usage. Loaded Objects now: 3997.
Total: 25.115600 ms (FindLiveObjects: 0.323300 ms CreateObjectMapping: 0.192800 ms MarkObjects: 24.561900 ms  DeleteObjects: 0.036100 ms)

========================================================================
Received Import Request.
  Time since last request: 468.280829 seconds.
  path: Assets/Scripts/SO_Scritps
  artifactKey: Guid(48a0c2d22e4e36e4fae433a82f4b0ac6) Importer(815301076,1909f56bfc062723c751e8b465ee728b)
Start importing Assets/Scripts/SO_Scritps using Guid(48a0c2d22e4e36e4fae433a82f4b0ac6) Importer(815301076,1909f56bfc062723c751e8b465ee728b)  -> (artifact id: '66239feccf255fc828b79b12f9e537f2') in 0.006879 seconds
  Import took 0.013066 seconds .

========================================================================
Received Import Request.
  Time since last request: 6.176124 seconds.
  path: Assets/Scripts/SO_Scritps/FloatSO.cs
  artifactKey: Guid(69c1cb29cfd3ed24f9d9de5f00c05f83) Importer(815301076,1909f56bfc062723c751e8b465ee728b)
Start importing Assets/Scripts/SO_Scritps/FloatSO.cs using Guid(69c1cb29cfd3ed24f9d9de5f00c05f83) Importer(815301076,1909f56bfc062723c751e8b465ee728b)  -> (artifact id: '7e351ca79dc6cb32241d59d0cd8a5586') in 0.012063 seconds
  Import took 0.018771 seconds .

========================================================================
Received Prepare
Registering precompiled user dll's ...
Registered in 0.031297 seconds.
Begin MonoManager ReloadAssembly
Native extension for WindowsStandalone target not found
Refreshing native plugins compatible for Editor in 0.64 ms, found 2 plugins.
Preloading 0 native plugins for Editor in 0.00 ms.
Mono: successfully reloaded assembly
- Completed reload, in  2.525 seconds
Platform modules already initialized, skipping
Shader 'Universal Render Pipeline/Particles/Lit': fallback shader 'Universal Render Pipeline/Particles/SimpleLit' not found
Refreshing native plugins compatible for Editor in 0.65 ms, found 2 plugins.
Preloading 0 native plugins for Editor in 0.00 ms.
Unloading 3199 Unused Serialized files (Serialized files now loaded: 0)
System memory in use before: 152.1 MB.
System memory in use after: 152.4 MB.

Unloading 25 unused Assets to reduce memory usage. Loaded Objects now: 4001.
Total: 26.404000 ms (FindLiveObjects: 0.349200 ms CreateObjectMapping: 0.208700 ms MarkObjects: 25.810700 ms  DeleteObjects: 0.033300 ms)

========================================================================
Received Import Request.
  Time since last request: 41.857104 seconds.
  path: Assets/Scripts/SO_Scritps/GameEvent.cs
  artifactKey: Guid(aa7b32694135adc4c9bd0448281d128d) Importer(815301076,1909f56bfc062723c751e8b465ee728b)
Start importing Assets/Scripts/SO_Scritps/GameEvent.cs using Guid(aa7b32694135adc4c9bd0448281d128d) Importer(815301076,1909f56bfc062723c751e8b465ee728b)  -> (artifact id: '287b23dfd889a56afff74681b9affe37') in 0.016508 seconds
  Import took 0.029866 seconds .

========================================================================
Received Prepare
Registering precompiled user dll's ...
Registered in 0.007322 seconds.
Begin MonoManager ReloadAssembly
Native extension for WindowsStandalone target not found
Refreshing native plugins compatible for Editor in 0.74 ms, found 2 plugins.
Preloading 0 native plugins for Editor in 0.00 ms.
Mono: successfully reloaded assembly
- Completed reload, in  1.897 seconds
Platform modules already initialized, skipping
Shader 'Universal Render Pipeline/Particles/Lit': fallback shader 'Universal Render Pipeline/Particles/SimpleLit' not found
Refreshing native plugins compatible for Editor in 0.64 ms, found 2 plugins.
Preloading 0 native plugins for Editor in 0.00 ms.
Unloading 3200 Unused Serialized files (Serialized files now loaded: 0)
System memory in use before: 152.2 MB.
System memory in use after: 152.4 MB.

Unloading 25 unused Assets to reduce memory usage. Loaded Objects now: 4005.
Total: 24.809100 ms (FindLiveObjects: 0.317000 ms CreateObjectMapping: 0.179700 ms MarkObjects: 24.277800 ms  DeleteObjects: 0.033300 ms)

========================================================================
Received Import Request.
  Time since last request: 38.258195 seconds.
  path: Assets/Scripts/SO_Scritps/GameEvent.cs
  artifactKey: Guid(aa7b32694135adc4c9bd0448281d128d) Importer(815301076,1909f56bfc062723c751e8b465ee728b)
Start importing Assets/Scripts/SO_Scritps/GameEvent.cs using Guid(aa7b32694135adc4c9bd0448281d128d) Importer(815301076,1909f56bfc062723c751e8b465ee728b)  -> (artifact id: '112425617f140bfbc301d7c92e91bad1') in 0.011735 seconds
  Import took 0.023675 seconds .

========================================================================
Received Import Request.
  Time since last request: 8.322869 seconds.
  path: Assets/Scripts/CustomData.cs
  artifactKey: Guid(99b7b651483b88c49923572135db6cd2) Importer(815301076,1909f56bfc062723c751e8b465ee728b)
Start importing Assets/Scripts/CustomData.cs using Guid(99b7b651483b88c49923572135db6cd2) Importer(815301076,1909f56bfc062723c751e8b465ee728b)  -> (artifact id: 'cb14daf5bbbf25b2414a588a17ca6f4b') in 0.016620 seconds
  Import took 0.026502 seconds .

========================================================================
Received Prepare
Registering precompiled user dll's ...
Registered in 0.008634 seconds.
Begin MonoManager ReloadAssembly
Native extension for WindowsStandalone target not found
Refreshing native plugins compatible for Editor in 0.70 ms, found 2 plugins.
Preloading 0 native plugins for Editor in 0.00 ms.
Mono: successfully reloaded assembly
- Completed reload, in  1.619 seconds
Platform modules already initialized, skipping
Shader 'Universal Render Pipeline/Particles/Lit': fallback shader 'Universal Render Pipeline/Particles/SimpleLit' not found
Refreshing native plugins compatible for Editor in 0.64 ms, found 2 plugins.
Preloading 0 native plugins for Editor in 0.00 ms.
Unloading 3201 Unused Serialized files (Serialized files now loaded: 0)
System memory in use before: 152.2 MB.
System memory in use after: 152.4 MB.

Unloading 25 unused Assets to reduce memory usage. Loaded Objects now: 4009.
Total: 25.983600 ms (FindLiveObjects: 0.325600 ms CreateObjectMapping: 0.187500 ms MarkObjects: 25.432300 ms  DeleteObjects: 0.036600 ms)

========================================================================
Received Import Request.
  Time since last request: 16.346629 seconds.
  path: Assets/Scripts/CustomData.cs
  artifactKey: Guid(99b7b651483b88c49923572135db6cd2) Importer(815301076,1909f56bfc062723c751e8b465ee728b)
Start importing Assets/Scripts/CustomData.cs using Guid(99b7b651483b88c49923572135db6cd2) Importer(815301076,1909f56bfc062723c751e8b465ee728b)  -> (artifact id: '706d73a9d4d9b534217e29e7c94bb7ca') in 0.006016 seconds
  Import took 0.011383 seconds .

========================================================================
Received Import Request.
  Time since last request: 2.520682 seconds.
  path: Assets/ScriptablesObjects
  artifactKey: Guid(a7a6df25197ef4b41bc1a06b5f6418c3) Importer(815301076,1909f56bfc062723c751e8b465ee728b)
Start importing Assets/ScriptablesObjects using Guid(a7a6df25197ef4b41bc1a06b5f6418c3) Importer(815301076,1909f56bfc062723c751e8b465ee728b)  -> (artifact id: '4c1eb8c717bbde8789e2b615b42dc37f') in 0.003058 seconds
  Import took 0.010013 seconds .

========================================================================
Received Import Request.
  Time since last request: 5.342944 seconds.
  path: Assets/ScriptablesObjects/PlayerStats
  artifactKey: Guid(7a4ed4dabcf378045b2ef07b27d87955) Importer(815301076,1909f56bfc062723c751e8b465ee728b)
Start importing Assets/ScriptablesObjects/PlayerStats using Guid(7a4ed4dabcf378045b2ef07b27d87955) Importer(815301076,1909f56bfc062723c751e8b465ee728b)  -> (artifact id: 'c40348e9aaba43c0df28f049e66eb30e') in 0.003444 seconds
  Import took 0.011167 seconds .

========================================================================
Received Import Request.
  Time since last request: 8.053810 seconds.
  path: Assets/ScriptablesObjects/PlayerStats/PlayerSpeed.asset
  artifactKey: Guid(1770ca5d33829ab4fb538bcd35a2e194) Importer(815301076,1909f56bfc062723c751e8b465ee728b)
Start importing Assets/ScriptablesObjects/PlayerStats/PlayerSpeed.asset using Guid(1770ca5d33829ab4fb538bcd35a2e194) Importer(815301076,1909f56bfc062723c751e8b465ee728b)  -> (artifact id: '310c21d545d69d3e61435c14f108e288') in 0.043437 seconds
  Import took 0.048905 seconds .

========================================================================
Received Import Request.
  Time since last request: 57.497564 seconds.
  path: Assets/ScriptablesObjects/PlayerStats/PlayerMoveSpeed.asset
  artifactKey: Guid(1770ca5d33829ab4fb538bcd35a2e194) Importer(815301076,1909f56bfc062723c751e8b465ee728b)
Start importing Assets/ScriptablesObjects/PlayerStats/PlayerMoveSpeed.asset using Guid(1770ca5d33829ab4fb538bcd35a2e194) Importer(815301076,1909f56bfc062723c751e8b465ee728b)  -> (artifact id: '2d5cd4c92f45c570bfcf71aec726380a') in 0.003925 seconds
  Import took 0.009960 seconds .

========================================================================
Received Import Request.
  Time since last request: 9.046783 seconds.
  path: Assets/ScriptablesObjects/PlayerStats/PlayerJumpForce.asset
  artifactKey: Guid(43f93cdda4e3fed40a73db78e377374d) Importer(815301076,1909f56bfc062723c751e8b465ee728b)
Start importing Assets/ScriptablesObjects/PlayerStats/PlayerJumpForce.asset using Guid(43f93cdda4e3fed40a73db78e377374d) Importer(815301076,1909f56bfc062723c751e8b465ee728b)  -> (artifact id: '21355a9c0f4e746a1ea5bdd322574b78') in 0.002699 seconds
  Import took 0.008017 seconds .

========================================================================
Received Import Request.
  Time since last request: 0.003368 seconds.
  path: Assets/ScriptablesObjects/PlayerStats/PlayerJumpForce.asset
  artifactKey: Guid(43f93cdda4e3fed40a73db78e377374d) Importer(815301076,1909f56bfc062723c751e8b465ee728b)
Start importing Assets/ScriptablesObjects/PlayerStats/PlayerJumpForce.asset using Guid(43f93cdda4e3fed40a73db78e377374d) Importer(815301076,1909f56bfc062723c751e8b465ee728b)  -> (artifact id: '21355a9c0f4e746a1ea5bdd322574b78') in 0.002952 seconds
  Import took 0.008344 seconds .

========================================================================
Received Prepare
Registering precompiled user dll's ...
Registered in 0.007581 seconds.
Begin MonoManager ReloadAssembly
Native extension for WindowsStandalone target not found
Refreshing native plugins compatible for Editor in 0.64 ms, found 2 plugins.
Preloading 0 native plugins for Editor in 0.00 ms.
Mono: successfully reloaded assembly
- Completed reload, in  1.658 seconds
Platform modules already initialized, skipping
Shader 'Universal Render Pipeline/Particles/Lit': fallback shader 'Universal Render Pipeline/Particles/SimpleLit' not found
Refreshing native plugins compatible for Editor in 0.67 ms, found 2 plugins.
Preloading 0 native plugins for Editor in 0.00 ms.
Unloading 3201 Unused Serialized files (Serialized files now loaded: 0)
System memory in use before: 152.2 MB.
System memory in use after: 152.4 MB.

Unloading 25 unused Assets to reduce memory usage. Loaded Objects now: 4012.
Total: 25.402000 ms (FindLiveObjects: 0.312900 ms CreateObjectMapping: 0.185300 ms MarkObjects: 24.876900 ms  DeleteObjects: 0.025500 ms)

========================================================================
Received Prepare
Registering precompiled user dll's ...
Registered in 0.007338 seconds.
Begin MonoManager ReloadAssembly
Native extension for WindowsStandalone target not found
Refreshing native plugins compatible for Editor in 0.64 ms, found 2 plugins.
Preloading 0 native plugins for Editor in 0.00 ms.
Mono: successfully reloaded assembly
- Completed reload, in  1.658 seconds
Platform modules already initialized, skipping
Shader 'Universal Render Pipeline/Particles/Lit': fallback shader 'Universal Render Pipeline/Particles/SimpleLit' not found
Refreshing native plugins compatible for Editor in 0.64 ms, found 2 plugins.
Preloading 0 native plugins for Editor in 0.00 ms.
Unloading 3201 Unused Serialized files (Serialized files now loaded: 0)
System memory in use before: 152.2 MB.
System memory in use after: 152.4 MB.

Unloading 25 unused Assets to reduce memory usage. Loaded Objects now: 4015.
Total: 26.003700 ms (FindLiveObjects: 0.316500 ms CreateObjectMapping: 0.189700 ms MarkObjects: 25.469900 ms  DeleteObjects: 0.026000 ms)

========================================================================
Received Prepare
Registering precompiled user dll's ...
Registered in 0.007471 seconds.
Begin MonoManager ReloadAssembly
Native extension for WindowsStandalone target not found
Refreshing native plugins compatible for Editor in 0.65 ms, found 2 plugins.
Preloading 0 native plugins for Editor in 0.00 ms.
Mono: successfully reloaded assembly
- Completed reload, in  1.546 seconds
Platform modules already initialized, skipping
Shader 'Universal Render Pipeline/Particles/Lit': fallback shader 'Universal Render Pipeline/Particles/SimpleLit' not found
Refreshing native plugins compatible for Editor in 0.63 ms, found 2 plugins.
Preloading 0 native plugins for Editor in 0.00 ms.
Unloading 3201 Unused Serialized files (Serialized files now loaded: 0)
System memory in use before: 152.2 MB.
System memory in use after: 152.5 MB.

Unloading 25 unused Assets to reduce memory usage. Loaded Objects now: 4018.
Total: 25.519900 ms (FindLiveObjects: 0.305400 ms CreateObjectMapping: 0.176200 ms MarkObjects: 25.009400 ms  DeleteObjects: 0.027500 ms)

========================================================================
Received Import Request.
  Time since last request: 356.962184 seconds.
  path: Assets/Scripts/Utilities.cs
  artifactKey: Guid(7ed31fba321ff4c4187051a2de499871) Importer(815301076,1909f56bfc062723c751e8b465ee728b)
Start importing Assets/Scripts/Utilities.cs using Guid(7ed31fba321ff4c4187051a2de499871) Importer(815301076,1909f56bfc062723c751e8b465ee728b)  -> (artifact id: '1f8ad180ffcb55d9e990de828dc5e38c') in 0.022453 seconds
  Import took 0.029000 seconds .

========================================================================
Received Prepare
Registering precompiled user dll's ...
Registered in 0.007401 seconds.
Begin MonoManager ReloadAssembly
Native extension for WindowsStandalone target not found
Refreshing native plugins compatible for Editor in 0.63 ms, found 2 plugins.
Preloading 0 native plugins for Editor in 0.00 ms.
Mono: successfully reloaded assembly
- Completed reload, in  1.871 seconds
Platform modules already initialized, skipping
Shader 'Universal Render Pipeline/Particles/Lit': fallback shader 'Universal Render Pipeline/Particles/SimpleLit' not found
Refreshing native plugins compatible for Editor in 0.64 ms, found 2 plugins.
Preloading 0 native plugins for Editor in 0.00 ms.
Unloading 3202 Unused Serialized files (Serialized files now loaded: 0)
System memory in use before: 152.2 MB.
System memory in use after: 152.5 MB.

Unloading 25 unused Assets to reduce memory usage. Loaded Objects now: 4022.
Total: 27.720100 ms (FindLiveObjects: 0.344600 ms CreateObjectMapping: 0.203600 ms MarkObjects: 27.104200 ms  DeleteObjects: 0.065300 ms)

========================================================================
Received Import Request.
  Time since last request: 25.579880 seconds.
  path: Assets/Scripts/Utilities.cs
  artifactKey: Guid(7ed31fba321ff4c4187051a2de499871) Importer(815301076,1909f56bfc062723c751e8b465ee728b)
Start importing Assets/Scripts/Utilities.cs using Guid(7ed31fba321ff4c4187051a2de499871) Importer(815301076,1909f56bfc062723c751e8b465ee728b)  -> (artifact id: '55c4f4c21f228e89ae451f0416d7a39c') in 0.023990 seconds
  Import took 0.036309 seconds .

========================================================================
Received Import Request.
  Time since last request: 0.017381 seconds.
  path: Assets/Scripts/Utilities.cs
  artifactKey: Guid(7ed31fba321ff4c4187051a2de499871) Importer(815301076,1909f56bfc062723c751e8b465ee728b)
Start importing Assets/Scripts/Utilities.cs using Guid(7ed31fba321ff4c4187051a2de499871) Importer(815301076,1909f56bfc062723c751e8b465ee728b)  -> (artifact id: '55c4f4c21f228e89ae451f0416d7a39c') in 0.011381 seconds
  Import took 0.019891 seconds .

========================================================================
Received Prepare
Registering precompiled user dll's ...
Registered in 0.008011 seconds.
Begin MonoManager ReloadAssembly
Native extension for WindowsStandalone target not found
Refreshing native plugins compatible for Editor in 0.64 ms, found 2 plugins.
Preloading 0 native plugins for Editor in 0.00 ms.
Mono: successfully reloaded assembly
- Completed reload, in  1.718 seconds
Platform modules already initialized, skipping
Shader 'Universal Render Pipeline/Particles/Lit': fallback shader 'Universal Render Pipeline/Particles/SimpleLit' not found
Refreshing native plugins compatible for Editor in 0.64 ms, found 2 plugins.
Preloading 0 native plugins for Editor in 0.00 ms.
Unloading 3202 Unused Serialized files (Serialized files now loaded: 0)
System memory in use before: 152.3 MB.
System memory in use after: 152.5 MB.

Unloading 25 unused Assets to reduce memory usage. Loaded Objects now: 4025.
Total: 93.393600 ms (FindLiveObjects: 0.483200 ms CreateObjectMapping: 0.811400 ms MarkObjects: 92.058100 ms  DeleteObjects: 0.035700 ms)

========================================================================
Received Prepare
Registering precompiled user dll's ...
Registered in 0.011628 seconds.
Begin MonoManager ReloadAssembly
Native extension for WindowsStandalone target not found
Refreshing native plugins compatible for Editor in 0.64 ms, found 2 plugins.
Preloading 0 native plugins for Editor in 0.00 ms.
Mono: successfully reloaded assembly
- Completed reload, in  1.610 seconds
Platform modules already initialized, skipping
Shader 'Universal Render Pipeline/Particles/Lit': fallback shader 'Universal Render Pipeline/Particles/SimpleLit' not found
Refreshing native plugins compatible for Editor in 0.64 ms, found 2 plugins.
Preloading 0 native plugins for Editor in 0.00 ms.
Unloading 3202 Unused Serialized files (Serialized files now loaded: 0)
System memory in use before: 152.3 MB.
System memory in use after: 152.5 MB.

Unloading 25 unused Assets to reduce memory usage. Loaded Objects now: 4028.
Total: 25.144300 ms (FindLiveObjects: 0.300700 ms CreateObjectMapping: 0.159000 ms MarkObjects: 24.649900 ms  DeleteObjects: 0.033300 ms)

========================================================================
Received Import Request.
  Time since last request: 103.574189 seconds.
  path: Assets/Scripts/CustomData.cs
  artifactKey: Guid(99b7b651483b88c49923572135db6cd2) Importer(815301076,1909f56bfc062723c751e8b465ee728b)
Start importing Assets/Scripts/CustomData.cs using Guid(99b7b651483b88c49923572135db6cd2) Importer(815301076,1909f56bfc062723c751e8b465ee728b)  -> (artifact id: 'd91160aee74701ac2a2a106d43e30dc5') in 0.005426 seconds
  Import took 0.010746 seconds .

========================================================================
Received Prepare
Registering precompiled user dll's ...
Registered in 0.007595 seconds.
Begin MonoManager ReloadAssembly
Native extension for WindowsStandalone target not found
Refreshing native plugins compatible for Editor in 0.63 ms, found 2 plugins.
Preloading 0 native plugins for Editor in 0.00 ms.
Mono: successfully reloaded assembly
- Completed reload, in  1.620 seconds
Platform modules already initialized, skipping
Shader 'Universal Render Pipeline/Particles/Lit': fallback shader 'Universal Render Pipeline/Particles/SimpleLit' not found
Refreshing native plugins compatible for Editor in 0.64 ms, found 2 plugins.
Preloading 0 native plugins for Editor in 0.00 ms.
Unloading 3202 Unused Serialized files (Serialized files now loaded: 0)
System memory in use before: 152.3 MB.
System memory in use after: 152.5 MB.

Unloading 25 unused Assets to reduce memory usage. Loaded Objects now: 4031.
Total: 24.603600 ms (FindLiveObjects: 0.311900 ms CreateObjectMapping: 0.176500 ms MarkObjects: 24.086200 ms  DeleteObjects: 0.027000 ms)

========================================================================
Received Import Request.
  Time since last request: 47.607330 seconds.
  path: Assets/Scripts/CustomData.cs
  artifactKey: Guid(99b7b651483b88c49923572135db6cd2) Importer(815301076,1909f56bfc062723c751e8b465ee728b)
Start importing Assets/Scripts/CustomData.cs using Guid(99b7b651483b88c49923572135db6cd2) Importer(815301076,1909f56bfc062723c751e8b465ee728b)  -> (artifact id: '309e7cd7a84e3e30e6ee9645c3ee5299') in 0.005317 seconds
  Import took 0.010628 seconds .

========================================================================
Received Prepare
Registering precompiled user dll's ...
Registered in 0.008701 seconds.
Begin MonoManager ReloadAssembly
Native extension for WindowsStandalone target not found
Refreshing native plugins compatible for Editor in 0.64 ms, found 2 plugins.
Preloading 0 native plugins for Editor in 0.00 ms.
Mono: successfully reloaded assembly
- Completed reload, in  1.566 seconds
Platform modules already initialized, skipping
Shader 'Universal Render Pipeline/Particles/Lit': fallback shader 'Universal Render Pipeline/Particles/SimpleLit' not found
Refreshing native plugins compatible for Editor in 0.65 ms, found 2 plugins.
Preloading 0 native plugins for Editor in 0.00 ms.
Unloading 3202 Unused Serialized files (Serialized files now loaded: 0)
System memory in use before: 152.3 MB.
System memory in use after: 152.5 MB.

Unloading 25 unused Assets to reduce memory usage. Loaded Objects now: 4034.
Total: 25.098000 ms (FindLiveObjects: 0.313200 ms CreateObjectMapping: 0.177900 ms MarkObjects: 24.574900 ms  DeleteObjects: 0.030600 ms)

========================================================================
Received Prepare
Registering precompiled user dll's ...
Registered in 0.010298 seconds.
Begin MonoManager ReloadAssembly
Native extension for WindowsStandalone target not found
Refreshing native plugins compatible for Editor in 0.64 ms, found 2 plugins.
Preloading 0 native plugins for Editor in 0.00 ms.
Mono: successfully reloaded assembly
- Completed reload, in  1.633 seconds
Platform modules already initialized, skipping
Shader 'Universal Render Pipeline/Particles/Lit': fallback shader 'Universal Render Pipeline/Particles/SimpleLit' not found
Refreshing native plugins compatible for Editor in 0.63 ms, found 2 plugins.
Preloading 0 native plugins for Editor in 0.00 ms.
Unloading 3202 Unused Serialized files (Serialized files now loaded: 0)
System memory in use before: 152.3 MB.
System memory in use after: 152.5 MB.

Unloading 25 unused Assets to reduce memory usage. Loaded Objects now: 4037.
Total: 25.688700 ms (FindLiveObjects: 0.390400 ms CreateObjectMapping: 0.175700 ms MarkObjects: 25.086100 ms  DeleteObjects: 0.034200 ms)

