Using pre-set license
Built from '2020.3/staging' branch; Version is '2020.3.10f1 (297d780c91bc) revision 2719096'; Using compiler version '192528614'; Build Type 'Release'
OS: 'Windows 10 Education; OS build 19042.1237; Version 2009; 64bit' Language: 'fr' Physical Memory: 32706 MB
BatchMode: 1, IsHumanControllingUs: 0, StartBugReporterOnCrash: 0, Is64bit: 1, IsPro: 0

 COMMAND LINE ARGUMENTS:
C:\Program Files\Unity\Hub\Editor\2020.3.10f1\Editor\Unity.exe
-adb2
-batchMode
-noUpm
-name
AssetImportWorker0
-projectPath
H:/Users/20180881/Desktop/GameJam01/Unity
-logFile
Logs/AssetImportWorker0.log
-srvPort
64057
Successfully changed project path to: H:/Users/20180881/Desktop/GameJam01/Unity
H:/Users/20180881/Desktop/GameJam01/Unity
Using Asset Import Pipeline V2.
Refreshing native plugins compatible for Editor in 71.00 ms, found 2 plugins.
Preloading 0 native plugins for Editor in 0.00 ms.
Initialize engine version: 2020.3.10f1 (297d780c91bc)
[Subsystems] Discovering subsystems at path C:/Program Files/Unity/Hub/Editor/2020.3.10f1/Editor/Data/Resources/UnitySubsystems
[Subsystems] Discovering subsystems at path H:/Users/20180881/Desktop/GameJam01/Unity/Assets
GfxDevice: creating device client; threaded=0
Direct3D:
    Version:  Direct3D 11.0 [level 11.1]
    Renderer: NVIDIA GeForce GTX 1060 6GB (ID=0x1c03)
    Vendor:   
    VRAM:     6052 MB
    Driver:   30.0.14.7111
Initialize mono
Mono path[0] = 'C:/Program Files/Unity/Hub/Editor/2020.3.10f1/Editor/Data/Managed'
Mono path[1] = 'C:/Program Files/Unity/Hub/Editor/2020.3.10f1/Editor/Data/MonoBleedingEdge/lib/mono/unityjit'
Mono config path = 'C:/Program Files/Unity/Hub/Editor/2020.3.10f1/Editor/Data/MonoBleedingEdge/etc'
Using monoOptions --debugger-agent=transport=dt_socket,embedding=1,server=y,suspend=n,address=127.0.0.1:56392
Begin MonoManager ReloadAssembly
Registering precompiled unity dll's ...
Register platform support module: C:/Program Files/Unity/Hub/Editor/2020.3.10f1/Editor/Data/PlaybackEngines/WindowsStandaloneSupport/UnityEditor.WindowsStandalone.Extensions.dll
Registered in 0.001133 seconds.
Native extension for WindowsStandalone target not found
Refreshing native plugins compatible for Editor in 65.23 ms, found 2 plugins.
Preloading 0 native plugins for Editor in 0.00 ms.
Mono: successfully reloaded assembly
- Completed reload, in  1.595 seconds
Platform modules already initialized, skipping
Registering precompiled user dll's ...
Registered in 0.005808 seconds.
Begin MonoManager ReloadAssembly
Native extension for WindowsStandalone target not found
Refreshing native plugins compatible for Editor in 67.67 ms, found 2 plugins.
Preloading 0 native plugins for Editor in 0.00 ms.
Mono: successfully reloaded assembly
- Completed reload, in  1.687 seconds
Platform modules already initialized, skipping
========================================================================
Worker process is ready to serve import requests
Launched and connected shader compiler UnityShaderCompiler.exe after 0.05 seconds
Refreshing native plugins compatible for Editor in 0.66 ms, found 2 plugins.
Preloading 0 native plugins for Editor in 0.00 ms.
Unloading 3560 Unused Serialized files (Serialized files now loaded: 0)
System memory in use before: 184.8 MB.
System memory in use after: 185.0 MB.

Unloading 28 unused Assets to reduce memory usage. Loaded Objects now: 4044.
Total: 25.885300 ms (FindLiveObjects: 0.352200 ms CreateObjectMapping: 0.200300 ms MarkObjects: 25.235800 ms  DeleteObjects: 0.095400 ms)

========================================================================
Received Import Request.
  path: Assets/WIP/SimpleParticle_Shd.shader
  artifactKey: Guid(d2686db01864cd5429eedb4987bce975) Importer(815301076,1909f56bfc062723c751e8b465ee728b)
Start importing Assets/WIP/SimpleParticle_Shd.shader using Guid(d2686db01864cd5429eedb4987bce975) Importer(815301076,1909f56bfc062723c751e8b465ee728b)  -> (artifact id: '1ef0101765468c8a2a62d03c5a9173bf') in 0.022953 seconds
  Import took 0.028390 seconds .

========================================================================
Received Import Request.
  Time since last request: 20.453676 seconds.
  path: Assets/WIP/MushroomSpores_Mat.mat
  artifactKey: Guid(6cc40fded708bf14d8d04e2602e325c5) Importer(815301076,1909f56bfc062723c751e8b465ee728b)
Start importing Assets/WIP/MushroomSpores_Mat.mat using Guid(6cc40fded708bf14d8d04e2602e325c5) Importer(815301076,1909f56bfc062723c751e8b465ee728b)  -> (artifact id: '21dd9244298eebdab95dac9ee7d7d95d') in 0.173141 seconds
  Import took 0.179162 seconds .

========================================================================
Received Import Request.
  Time since last request: 4.575090 seconds.
  path: Assets/WIP/Noise_Smoke_3.png
  artifactKey: Guid(de5ba61e85618fe47bcc06dae4e8504c) Importer(815301076,1909f56bfc062723c751e8b465ee728b)
Start importing Assets/WIP/Noise_Smoke_3.png using Guid(de5ba61e85618fe47bcc06dae4e8504c) Importer(815301076,1909f56bfc062723c751e8b465ee728b)  -> (artifact id: 'e2a6060b1541c0869ec2b67be9dbfc0d') in 0.049355 seconds
  Import took 0.055812 seconds .

========================================================================
Received Import Request.
  Time since last request: 0.006691 seconds.
  path: Assets/WIP/Noise_Smoke_3.png
  artifactKey: Guid(de5ba61e85618fe47bcc06dae4e8504c) Importer(815301076,1909f56bfc062723c751e8b465ee728b)
Start importing Assets/WIP/Noise_Smoke_3.png using Guid(de5ba61e85618fe47bcc06dae4e8504c) Importer(815301076,1909f56bfc062723c751e8b465ee728b)  -> (artifact id: 'e2a6060b1541c0869ec2b67be9dbfc0d') in 0.007949 seconds
  Import took 0.014150 seconds .

========================================================================
Received Import Request.
  Time since last request: 83.626386 seconds.
  path: Assets/WIP/SingleChannelParticle_Shd.shader
  artifactKey: Guid(227191b130027534d828261500862582) Importer(815301076,1909f56bfc062723c751e8b465ee728b)
Start importing Assets/WIP/SingleChannelParticle_Shd.shader using Guid(227191b130027534d828261500862582) Importer(815301076,1909f56bfc062723c751e8b465ee728b)  -> (artifact id: '077d50eaad4fbeeddfa3713cd174acd2') in 0.002901 seconds
  Import took 0.013014 seconds .

========================================================================
Received Import Request.
  Time since last request: 0.001757 seconds.
  path: Assets/WIP/SingleChannelParticle_Shd.shader
  artifactKey: Guid(227191b130027534d828261500862582) Importer(815301076,1909f56bfc062723c751e8b465ee728b)
Start importing Assets/WIP/SingleChannelParticle_Shd.shader using Guid(227191b130027534d828261500862582) Importer(815301076,1909f56bfc062723c751e8b465ee728b)  -> (artifact id: '077d50eaad4fbeeddfa3713cd174acd2') in 0.003423 seconds
  Import took 0.010022 seconds .

========================================================================
Received Import Request.
  Time since last request: 8.963455 seconds.
  path: Assets/WIP/SingleChannelGParticle_Shd.shader
  artifactKey: Guid(227191b130027534d828261500862582) Importer(815301076,1909f56bfc062723c751e8b465ee728b)
Start importing Assets/WIP/SingleChannelGParticle_Shd.shader using Guid(227191b130027534d828261500862582) Importer(815301076,1909f56bfc062723c751e8b465ee728b)  -> (artifact id: '06173b49e1d17e11f113192171f88fd7') in 0.003506 seconds
  Import took 0.010352 seconds .

========================================================================
Received Import Request.
  Time since last request: 8.529875 seconds.
  path: Assets/WIP/SingleChannelGParticle_Shd 1.shader
  artifactKey: Guid(a1dd36b0ef465844cba36cc658223a24) Importer(815301076,1909f56bfc062723c751e8b465ee728b)
Start importing Assets/WIP/SingleChannelGParticle_Shd 1.shader using Guid(a1dd36b0ef465844cba36cc658223a24) Importer(815301076,1909f56bfc062723c751e8b465ee728b)  -> (artifact id: '8d0e196a8d875454ad96b7f8c8e95f5a') in 0.007058 seconds
  Import took 0.016065 seconds .

========================================================================
Received Import Request.
  Time since last request: 11.544687 seconds.
  path: Assets/WIP/SingleChannelRParticle_Shd.shader
  artifactKey: Guid(a1dd36b0ef465844cba36cc658223a24) Importer(815301076,1909f56bfc062723c751e8b465ee728b)
Start importing Assets/WIP/SingleChannelRParticle_Shd.shader using Guid(a1dd36b0ef465844cba36cc658223a24) Importer(815301076,1909f56bfc062723c751e8b465ee728b)  -> (artifact id: 'c8b14cc2cc357f36a5fac58fa5f330a0') in 0.007132 seconds
  Import took 0.015578 seconds .

========================================================================
Received Import Request.
  Time since last request: 10.699726 seconds.
  path: Assets/WIP/SingleChannelRParticle_Shd.shader
  artifactKey: Guid(a1dd36b0ef465844cba36cc658223a24) Importer(815301076,1909f56bfc062723c751e8b465ee728b)
Start importing Assets/WIP/SingleChannelRParticle_Shd.shader using Guid(a1dd36b0ef465844cba36cc658223a24) Importer(815301076,1909f56bfc062723c751e8b465ee728b)  -> (artifact id: '87bc86c973f184e0d47f7c7f8961f5b4') in 0.003462 seconds
  Import took 0.010655 seconds .

========================================================================
Received Import Request.
  Time since last request: 106.172416 seconds.
  path: Assets/WIP/MushroomBubbles_Mat.mat
  artifactKey: Guid(5154e51d92501b346af48aaea39d84e9) Importer(815301076,1909f56bfc062723c751e8b465ee728b)
Start importing Assets/WIP/MushroomBubbles_Mat.mat using Guid(5154e51d92501b346af48aaea39d84e9) Importer(815301076,1909f56bfc062723c751e8b465ee728b)  -> (artifact id: '6d5efd7b7f3ccdc59325c12d83ba0719') in 0.013920 seconds
  Import took 0.020729 seconds .

========================================================================
Received Import Request.
  Time since last request: 0.005323 seconds.
  path: Assets/WIP/MushroomBubbles_Mat.mat
  artifactKey: Guid(5154e51d92501b346af48aaea39d84e9) Importer(815301076,1909f56bfc062723c751e8b465ee728b)
Start importing Assets/WIP/MushroomBubbles_Mat.mat using Guid(5154e51d92501b346af48aaea39d84e9) Importer(815301076,1909f56bfc062723c751e8b465ee728b)  -> (artifact id: '6d5efd7b7f3ccdc59325c12d83ba0719') in 0.010255 seconds
  Import took 0.016708 seconds .

========================================================================
Received Import Request.
  Time since last request: 6.481149 seconds.
  path: Assets/WIP/bubble_grey.psd
  artifactKey: Guid(8730009f0a887834b98087ceb64ce473) Importer(815301076,1909f56bfc062723c751e8b465ee728b)
Start importing Assets/WIP/bubble_grey.psd using Guid(8730009f0a887834b98087ceb64ce473) Importer(815301076,1909f56bfc062723c751e8b465ee728b)  -> (artifact id: '01e681b06fbcd05b2694bd1cfce35e86') in 0.012355 seconds
  Import took 0.018584 seconds .

========================================================================
Received Import Request.
  Time since last request: 0.007511 seconds.
  path: Assets/WIP/bubble_grey.psd
  artifactKey: Guid(8730009f0a887834b98087ceb64ce473) Importer(815301076,1909f56bfc062723c751e8b465ee728b)
Start importing Assets/WIP/bubble_grey.psd using Guid(8730009f0a887834b98087ceb64ce473) Importer(815301076,1909f56bfc062723c751e8b465ee728b)  -> (artifact id: '01e681b06fbcd05b2694bd1cfce35e86') in 0.006665 seconds
  Import took 0.014181 seconds .

========================================================================
Received Import Request.
  Time since last request: 1.106607 seconds.
  path: Assets/WIP/clouds_2.png
  artifactKey: Guid(6668b5c54ac2a9f4ebceea6d968cf7d2) Importer(815301076,1909f56bfc062723c751e8b465ee728b)
Start importing Assets/WIP/clouds_2.png using Guid(6668b5c54ac2a9f4ebceea6d968cf7d2) Importer(815301076,1909f56bfc062723c751e8b465ee728b)  -> (artifact id: 'a6832808b9cd4c0fc2115ae7a55914c2') in 0.007405 seconds
  Import took 0.013510 seconds .

========================================================================
Received Import Request.
  Time since last request: 0.030696 seconds.
  path: Assets/WIP/clouds_2.png
  artifactKey: Guid(6668b5c54ac2a9f4ebceea6d968cf7d2) Importer(815301076,1909f56bfc062723c751e8b465ee728b)
Start importing Assets/WIP/clouds_2.png using Guid(6668b5c54ac2a9f4ebceea6d968cf7d2) Importer(815301076,1909f56bfc062723c751e8b465ee728b)  -> (artifact id: 'a6832808b9cd4c0fc2115ae7a55914c2') in 0.007102 seconds
  Import took 0.013249 seconds .

========================================================================
Received Import Request.
  Time since last request: 15.469630 seconds.
  path: Assets/WIP/bubble_grey.psd
  artifactKey: Guid(8730009f0a887834b98087ceb64ce473) Importer(815301076,1909f56bfc062723c751e8b465ee728b)
Start importing Assets/WIP/bubble_grey.psd using Guid(8730009f0a887834b98087ceb64ce473) Importer(815301076,1909f56bfc062723c751e8b465ee728b)  -> (artifact id: 'f37a9a2b507790a9ed135e9a78d653e0') in 0.019374 seconds
  Import took 0.028748 seconds .

========================================================================
Received Import Request.
  Time since last request: 158.708353 seconds.
  path: Assets/WIP/SingleChannelRParticle_Shd.shader
  artifactKey: Guid(a1dd36b0ef465844cba36cc658223a24) Importer(815301076,1909f56bfc062723c751e8b465ee728b)
Start importing Assets/WIP/SingleChannelRParticle_Shd.shader using Guid(a1dd36b0ef465844cba36cc658223a24) Importer(815301076,1909f56bfc062723c751e8b465ee728b)  -> (artifact id: '0d85fc715e5c94e785860688b5e917b3') in 0.003984 seconds
  Import took 0.010348 seconds .

========================================================================
Received Import Request.
  Time since last request: 5.370691 seconds.
  path: Assets/WIP/SingleChannelRParticle_Shd.shader
  artifactKey: Guid(a1dd36b0ef465844cba36cc658223a24) Importer(815301076,1909f56bfc062723c751e8b465ee728b)
Start importing Assets/WIP/SingleChannelRParticle_Shd.shader using Guid(a1dd36b0ef465844cba36cc658223a24) Importer(815301076,1909f56bfc062723c751e8b465ee728b)  -> (artifact id: '9adab2e58af92546b7c8d13518d86994') in 0.003169 seconds
  Import took 0.010830 seconds .

========================================================================
Received Import Request.
  Time since last request: 16.473424 seconds.
  path: Assets/WIP/SingleChannelParticle_Shd.shader
  artifactKey: Guid(a1dd36b0ef465844cba36cc658223a24) Importer(815301076,1909f56bfc062723c751e8b465ee728b)
Start importing Assets/WIP/SingleChannelParticle_Shd.shader using Guid(a1dd36b0ef465844cba36cc658223a24) Importer(815301076,1909f56bfc062723c751e8b465ee728b)  -> (artifact id: 'c0bf236c2e859208b542320ed5a3ca1a') in 0.012527 seconds
  Import took 0.022063 seconds .

========================================================================
Received Import Request.
  Time since last request: 5.946182 seconds.
  path: Assets/WIP/SmokeBurstFB.png
  artifactKey: Guid(7eae2b7ac7990974b882c91f46dfa552) Importer(815301076,1909f56bfc062723c751e8b465ee728b)
Start importing Assets/WIP/SmokeBurstFB.png using Guid(7eae2b7ac7990974b882c91f46dfa552) Importer(815301076,1909f56bfc062723c751e8b465ee728b)  -> (artifact id: 'a1c3c68f48354a5cddfe5edc238cddd0') in 0.022411 seconds
  Import took 0.029172 seconds .

========================================================================
Received Import Request.
  Time since last request: 19.033176 seconds.
  path: Assets/WIP/smokeysteam.tif
  artifactKey: Guid(b4d028ddb067e48478bbcb261409fc06) Importer(815301076,1909f56bfc062723c751e8b465ee728b)
Start importing Assets/WIP/smokeysteam.tif using Guid(b4d028ddb067e48478bbcb261409fc06) Importer(815301076,1909f56bfc062723c751e8b465ee728b)  -> (artifact id: '84cbcdce70c6eccd4977a6ee50ce8497') in 0.016105 seconds
  Import took 0.022328 seconds .

========================================================================
Received Import Request.
  Time since last request: 832.394438 seconds.
  path: Assets/WIP/Trap_Mushroom.cs
  artifactKey: Guid(731a297254ac9dd44917469d4662645f) Importer(815301076,1909f56bfc062723c751e8b465ee728b)
Start importing Assets/WIP/Trap_Mushroom.cs using Guid(731a297254ac9dd44917469d4662645f) Importer(815301076,1909f56bfc062723c751e8b465ee728b)  -> (artifact id: '6cbf692b059e201ea236c2b8718eb70a') in 0.007343 seconds
  Import took 0.014428 seconds .

========================================================================
Received Import Request.
  Time since last request: 0.007253 seconds.
  path: Assets/WIP/Trap_Mushroom.cs
  artifactKey: Guid(731a297254ac9dd44917469d4662645f) Importer(815301076,1909f56bfc062723c751e8b465ee728b)
Start importing Assets/WIP/Trap_Mushroom.cs using Guid(731a297254ac9dd44917469d4662645f) Importer(815301076,1909f56bfc062723c751e8b465ee728b)  -> (artifact id: '6cbf692b059e201ea236c2b8718eb70a') in 0.002839 seconds
  Import took 0.009813 seconds .

========================================================================
Received Prepare
Registering precompiled user dll's ...
Registered in 0.005767 seconds.
Begin MonoManager ReloadAssembly
Native extension for WindowsStandalone target not found
Refreshing native plugins compatible for Editor in 0.85 ms, found 2 plugins.
Preloading 0 native plugins for Editor in 0.00 ms.
Mono: successfully reloaded assembly
- Completed reload, in  2.020 seconds
Platform modules already initialized, skipping
Refreshing native plugins compatible for Editor in 0.80 ms, found 2 plugins.
Preloading 0 native plugins for Editor in 0.00 ms.
Unloading 3227 Unused Serialized files (Serialized files now loaded: 0)
System memory in use before: 161.6 MB.
System memory in use after: 161.9 MB.

Unloading 23 unused Assets to reduce memory usage. Loaded Objects now: 4132.
Total: 29.181100 ms (FindLiveObjects: 0.464500 ms CreateObjectMapping: 0.327300 ms MarkObjects: 28.352300 ms  DeleteObjects: 0.035400 ms)

========================================================================
Received Import Request.
  Time since last request: 23.711439 seconds.
  path: Assets/WIP/Trap_Mushroom.cs
  artifactKey: Guid(731a297254ac9dd44917469d4662645f) Importer(815301076,1909f56bfc062723c751e8b465ee728b)
Start importing Assets/WIP/Trap_Mushroom.cs using Guid(731a297254ac9dd44917469d4662645f) Importer(815301076,1909f56bfc062723c751e8b465ee728b)  -> (artifact id: '0252ebef407e8b72a0846490c0d94c97') in 0.007371 seconds
  Import took 0.014789 seconds .

AssetImportWorkerClient::OnTransportError - code=2 error=End of file
